<?xml version="1.0" encoding="UTF-8"?>
<testng-results ignored="0" total="1" passed="1" failed="0" skipped="0">
  <reporter-output>
  </reporter-output>
  <suite started-at="2022-02-05T11:44:07 GMT" name="Default suite" finished-at="2022-02-05T11:44:09 GMT" duration-ms="1247">
    <groups>
    </groups>
    <test started-at="2022-02-05T11:44:07 GMT" name="Default test" finished-at="2022-02-05T11:44:09 GMT" duration-ms="1247">
      <class name="TestOnLFreeJSON">
        <test-method signature="delete()[pri:0, instance:TestOnLFreeJSON@4e096385]" started-at="2022-02-05T11:44:07 GMT" name="delete" finished-at="2022-02-05T11:44:09 GMT" duration-ms="1219" status="PASS">
          <reporter-output>
          </reporter-output>
        </test-method> <!-- delete -->
      </class> <!-- TestOnLFreeJSON -->
    </test> <!-- Default test -->
  </suite> <!-- Default suite -->
</testng-results>
